<?xml version="1.0" encoding="UTF-8"?>
<!-- Generated by org.testng.reporters.JUnitReportReporter -->
<testsuite hostname="Pragya" failures="0" tests="1" name="com.trinity.TestCases" time="30.756" errors="0" timestamp="2024-03-07T13:28:40 IST" skipped="0">
  <testcase classname="com.trinity.TestCases" name="VerifyIfLastNameIsRequired" time="30.756"/>
  <system-out/>
</testsuite> <!-- com.trinity.TestCases -->
