<?xml version="1.0" encoding="UTF-8"?>
<!-- Generated by org.testng.reporters.JUnitReportReporter -->
<testsuite hostname="Pragya" failures="0" tests="2" name="com.trinity.TestCases" time="0.015" errors="0" timestamp="2024-02-14T00:35:59 IST" skipped="0">
  <testcase classname="com.trinity.TestCases" name="m1" time="0.015"/>
  <system-out/>
  <testcase classname="com.trinity.TestCases" name="m2" time="0.000"/>
  <system-out/>
</testsuite> <!-- com.trinity.TestCases -->
